1. 2025-02-10 10:01:23 INFO Starting system initialization
2. 2025-02-10 10:01:24 DEBUG Loading config modules
3. 2025-02-10 10:01:24 WARN Cache warm-up delayed
4. 2025-02-10 10:01:25 INFO Worker thread launched
5. 2025-02-10 10:01:26 DEBUG Performing handshake with remote service
6. 2025-02-10 10:01:26 ERROR Connection timeout detected – errors occurred during sync
7. 2025-02-10 10:01:27 INFO Retrying request
8. 2025-02-10 10:01:27 DEBUG Allocating buffer
9. 2025-02-10 10:01:28 INFO Heartbeat received
10. 2025-02-10 10:01:29 WARN Queue length high, potential errors pending
11. 2025-02-10 10:01:29 INFO Updating internal registry
12. 2025-02-10 10:01:30 DEBUG Parsing incoming payload
13. 2025-02-10 10:01:31 INFO Payload accepted
14. 2025-02-10 10:01:32 ERROR Validation failed, multiple errors found
15. 2025-02-10 10:01:33 WARN Retrying with fallback method
16. 2025-02-10 10:01:34 INFO Fallback succeeded
17. 2025-02-10 10:01:35 DEBUG Generating token
18. 2025-02-10 10:01:35 INFO Token generated successfully
19. 2025-02-10 10:01:36 WARN Background task delayed by 120ms
20. 2025-02-10 10:01:36 INFO Commit completed
21. 2025-02-10 10:01:37 DEBUG Memory check complete
22. 2025-02-10 10:01:38 INFO Running scheduled task
23. 2025-02-10 10:01:38 ERROR Scheduled task aborted due to errors in config
24. 2025-02-10 10:01:39 INFO Reinitializing scheduler
25. 2025-02-10 10:01:40 DEBUG Scheduling heartbeat
26. 2025-02-10 10:01:40 INFO Heartbeat OK
27. 2025-02-10 10:01:41 WARN External API latency above threshold
28. 2025-02-10 10:01:42 INFO Latency stabilized
29. 2025-02-10 10:01:43 DEBUG Building new index
30. 2025-02-10 10:01:44 ERROR Failed to build index – errors unknown
31. 2025-02-10 10:01:45 INFO Starting recovery process
32. 2025-02-10 10:01:46 DEBUG Recovery stage 1
33. 2025-02-10 10:01:47 DEBUG Recovery stage 2
34. 2025-02-10 10:01:48 INFO Recovery completed
35. 2025-02-10 10:01:48 WARN Disk usage at 82%
36. 2025-02-10 10:01:49 INFO Disk usage stable
37. 2025-02-10 10:01:50 DEBUG Loading plugin list
38. 2025-02-10 10:01:51 INFO Plugin A loaded
39. 2025-02-10 10:01:52 INFO Plugin B loaded
40. 2025-02-10 10:01:53 ERROR Plugin C load failed due to errors in dependency
41. 2025-02-10 10:01:54 WARN Plugin C skipped
42. 2025-02-10 10:01:55 INFO Registering listeners
43. 2025-02-10 10:01:56 INFO Listener registration complete
44. 2025-02-10 10:01:56 DEBUG Running diagnostics
45. 2025-02-10 10:01:57 INFO Diagnostics passed
46. 2025-02-10 10:01:58 WARN CPU peak detected
47. 2025-02-10 10:01:59 INFO CPU normalized
48. 2025-02-10 10:02:00 DEBUG Processing batch #1
49. 2025-02-10 10:02:00 ERROR Batch #1 incomplete; errors identified in data rows
50. 2025-02-10 10:02:01 INFO Retrying batch #1
51. 2025-02-10 10:02:02 DEBUG Processing batch #2
52. 2025-02-10 10:02:03 INFO Batch #2 processed
53. 2025-02-10 10:02:04 DEBUG Processing batch #3
54. 2025-02-10 10:02:04 INFO Batch #3 processed
55. 2025-02-10 10:02:05 WARN Network jitter detected
56. 2025-02-10 10:02:06 INFO Network stable
57. 2025-02-10 10:02:07 DEBUG Evaluating ruleset
58. 2025-02-10 10:02:07 INFO Ruleset applied
59. 2025-02-10 10:02:08 ERROR Rule evaluation halted due to unexpected errors
60. 2025-02-10 10:02:09 INFO Cleaning temp files
61. 2025-02-10 10:02:10 INFO Cleanup done
62. 2025-02-10 10:02:10 DEBUG Monitoring subsystem idle
63. 2025-02-10 10:02:11 INFO Subsystem status: OK
64. 2025-02-10 10:02:12 WARN Response slow from node 4
65. 2025-02-10 10:02:12 INFO Node 4 responded
66. 2025-02-10 10:02:13 DEBUG Fetching metrics
67. 2025-02-10 10:02:14 INFO Metrics updated
68. 2025-02-10 10:02:14 WARN Threshold nearly exceeded
69. 2025-02-10 10:02:15 INFO Threshold returned to normal
70. 2025-02-10 10:02:16 DEBUG Polling gateway
71. 2025-02-10 10:02:17 ERROR Gateway returned errors during polling sequence
72. 2025-02-10 10:02:18 INFO Using fallback gateway
73. 2025-02-10 10:02:19 INFO Fallback gateway operational
74. 2025-02-10 10:02:20 DEBUG Updating state machine
75. 2025-02-10 10:02:21 INFO State machine update complete
76. 2025-02-10 10:02:22 WARN Unexpected spike in event count
77. 2025-02-10 10:02:23 INFO Event count normalized
78. 2025-02-10 10:02:24 DEBUG Parsing new configuration
79. 2025-02-10 10:02:25 INFO Configuration applied
80. 2025-02-10 10:02:26 ERROR Configuration rollback triggered by errors
81. 2025-02-10 10:02:27 INFO Rollback completed
82. 2025-02-10 10:02:28 DEBUG Rebuilding cache
83. 2025-02-10 10:02:29 INFO Cache ready
84. 2025-02-10 10:02:30 WARN Sync delay detected
85. 2025-02-10 10:02:31 INFO Sync restored
86. 2025-02-10 10:02:31 DEBUG Processing notifications
87. 2025-02-10 10:02:32 INFO Notification queue empty
88. 2025-02-10 10:02:33 WARN Slow disk write detected
89. 2025-02-10 10:02:34 INFO Disk write stable
90. 2025-02-10 10:02:35 DEBUG Allocating new session token
91. 2025-02-10 10:02:36 INFO Session token active
92. 2025-02-10 10:02:37 ERROR Session token expired due to errors in timestamp
93. 2025-02-10 10:02:38 INFO Issuing new token
94. 2025-02-10 10:02:39 DEBUG Checking integrity of stream
95. 2025-02-10 10:02:40 INFO Stream integrity verified
96. 2025-02-10 10:02:41 WARN Retry counter high
97. 2025-02-10 10:02:42 INFO Counter reset
98. 2025-02-10 10:02:43 DEBUG Starting shutdown sequence
99. 2025-02-10 10:02:44 INFO Shutdown step 1 complete
100. 2025-02-10 10:02:45 INFO System shut down cleanly despite earlier errors
